The system is: Linux - 2.6.18-164.el5PAE - i686
Compiling the CXX compiler identification source file "CMakeCXXCompilerId.cpp" succeeded.
Compiler: /usr/bin/c++ 
Build flags: 
Id flags: 

The output was:
0


Compilation of the CXX compiler identification source "CMakeCXXCompilerId.cpp" produced "a.out"

The CXX compiler identification is GNU, found in "/home/wuxiang/workFold/libconhash/build/CMakeFiles/CompilerIdCXX/a.out"

Compiling the C compiler identification source file "CMakeCCompilerId.c" succeeded.
Compiler: /usr/bin/gcc 
Build flags: 
Id flags: 

The output was:
0


Compilation of the C compiler identification source "CMakeCCompilerId.c" produced "a.out"

The C compiler identification is GNU, found in "/home/wuxiang/workFold/libconhash/build/CMakeFiles/CompilerIdC/a.out"

Determining if the CXX compiler works passed with the following output:
Change Dir: /home/wuxiang/workFold/libconhash/build/CMakeFiles/CMakeTmp

Run Build Command:/usr/bin/gmake "cmTryCompileExec15255938/fast"
/usr/bin/gmake -f CMakeFiles/cmTryCompileExec15255938.dir/build.make CMakeFiles/cmTryCompileExec15255938.dir/build
gmake[1]: Entering directory `/home/wuxiang/workFold/libconhash/build/CMakeFiles/CMakeTmp'
/usr/local/bin/cmake -E cmake_progress_report /home/wuxiang/workFold/libconhash/build/CMakeFiles/CMakeTmp/CMakeFiles 1
Building CXX object CMakeFiles/cmTryCompileExec15255938.dir/testCXXCompiler.cxx.o
/usr/bin/c++     -o CMakeFiles/cmTryCompileExec15255938.dir/testCXXCompiler.cxx.o -c /home/wuxiang/workFold/libconhash/build/CMakeFiles/CMakeTmp/testCXXCompiler.cxx
Linking CXX executable cmTryCompileExec15255938
/usr/local/bin/cmake -E cmake_link_script CMakeFiles/cmTryCompileExec15255938.dir/link.txt --verbose=1
/usr/bin/c++          CMakeFiles/cmTryCompileExec15255938.dir/testCXXCompiler.cxx.o  -o cmTryCompileExec15255938 -rdynamic 
gmake[1]: Leaving directory `/home/wuxiang/workFold/libconhash/build/CMakeFiles/CMakeTmp'


Detecting CXX compiler ABI info compiled with the following output:
Change Dir: /home/wuxiang/workFold/libconhash/build/CMakeFiles/CMakeTmp

Run Build Command:/usr/bin/gmake "cmTryCompileExec3114397472/fast"
/usr/bin/gmake -f CMakeFiles/cmTryCompileExec3114397472.dir/build.make CMakeFiles/cmTryCompileExec3114397472.dir/build
gmake[1]: Entering directory `/home/wuxiang/workFold/libconhash/build/CMakeFiles/CMakeTmp'
/usr/local/bin/cmake -E cmake_progress_report /home/wuxiang/workFold/libconhash/build/CMakeFiles/CMakeTmp/CMakeFiles 1
Building CXX object CMakeFiles/cmTryCompileExec3114397472.dir/CMakeCXXCompilerABI.cpp.o
/usr/bin/c++     -o CMakeFiles/cmTryCompileExec3114397472.dir/CMakeCXXCompilerABI.cpp.o -c /usr/local/share/cmake-2.8/Modules/CMakeCXXCompilerABI.cpp
Linking CXX executable cmTryCompileExec3114397472
/usr/local/bin/cmake -E cmake_link_script CMakeFiles/cmTryCompileExec3114397472.dir/link.txt --verbose=1
/usr/bin/c++        -v CMakeFiles/cmTryCompileExec3114397472.dir/CMakeCXXCompilerABI.cpp.o  -o cmTryCompileExec3114397472 -rdynamic  
使用内建 specs。
目标：i386-redhat-linux
配置为：../configure --prefix=/usr --mandir=/usr/share/man --infodir=/usr/share/info --enable-shared --enable-threads=posix --enable-checking=release --with-system-zlib --enable-__cxa_atexit --disable-libunwind-exceptions --enable-libgcj-multifile --enable-languages=c,c++,objc,obj-c++,java,fortran,ada --enable-java-awt=gtk --disable-dssi --enable-plugin --with-java-home=/usr/lib/jvm/java-1.4.2-gcj-1.4.2.0/jre --with-cpu=generic --host=i386-redhat-linux
线程模型：posix
gcc 版本 4.1.2 20080704 (Red Hat 4.1.2-46)
 /usr/libexec/gcc/i386-redhat-linux/4.1.2/collect2 --eh-frame-hdr -m elf_i386 --hash-style=gnu -export-dynamic -dynamic-linker /lib/ld-linux.so.2 -o cmTryCompileExec3114397472 /usr/lib/gcc/i386-redhat-linux/4.1.2/../../../crt1.o /usr/lib/gcc/i386-redhat-linux/4.1.2/../../../crti.o /usr/lib/gcc/i386-redhat-linux/4.1.2/crtbegin.o -L/usr/lib/gcc/i386-redhat-linux/4.1.2 -L/usr/lib/gcc/i386-redhat-linux/4.1.2 -L/usr/lib/gcc/i386-redhat-linux/4.1.2/../../.. CMakeFiles/cmTryCompileExec3114397472.dir/CMakeCXXCompilerABI.cpp.o -lstdc++ -lm -lgcc_s -lgcc -lc -lgcc_s -lgcc /usr/lib/gcc/i386-redhat-linux/4.1.2/crtend.o /usr/lib/gcc/i386-redhat-linux/4.1.2/../../../crtn.o
gmake[1]: Leaving directory `/home/wuxiang/workFold/libconhash/build/CMakeFiles/CMakeTmp'


Parsed CXX implicit link information from above output:
  link line regex: [^( *|.*[/\])(ld|ld|collect2)[^/\]*( |$)]
  ignore line: [Change Dir: /home/wuxiang/workFold/libconhash/build/CMakeFiles/CMakeTmp]
  ignore line: []
  ignore line: [Run Build Command:/usr/bin/gmake "cmTryCompileExec3114397472/fast"]
  ignore line: [/usr/bin/gmake -f CMakeFiles/cmTryCompileExec3114397472.dir/build.make CMakeFiles/cmTryCompileExec3114397472.dir/build]
  ignore line: [gmake[1]: Entering directory `/home/wuxiang/workFold/libconhash/build/CMakeFiles/CMakeTmp']
  ignore line: [/usr/local/bin/cmake -E cmake_progress_report /home/wuxiang/workFold/libconhash/build/CMakeFiles/CMakeTmp/CMakeFiles 1]
  ignore line: [Building CXX object CMakeFiles/cmTryCompileExec3114397472.dir/CMakeCXXCompilerABI.cpp.o]
  ignore line: [/usr/bin/c++     -o CMakeFiles/cmTryCompileExec3114397472.dir/CMakeCXXCompilerABI.cpp.o -c /usr/local/share/cmake-2.8/Modules/CMakeCXXCompilerABI.cpp]
  ignore line: [Linking CXX executable cmTryCompileExec3114397472]
  ignore line: [/usr/local/bin/cmake -E cmake_link_script CMakeFiles/cmTryCompileExec3114397472.dir/link.txt --verbose=1]
  ignore line: [/usr/bin/c++        -v CMakeFiles/cmTryCompileExec3114397472.dir/CMakeCXXCompilerABI.cpp.o  -o cmTryCompileExec3114397472 -rdynamic  ]
  ignore line: [使用内建 specs。]
  ignore line: [目标：i386-redhat-linux]
  ignore line: [配置为：../configure --prefix=/usr --mandir=/usr/share/man --infodir=/usr/share/info --enable-shared --enable-threads=posix --enable-checking=release --with-system-zlib --enable-__cxa_atexit --disable-libunwind-exceptions --enable-libgcj-multifile --enable-languages=c,c++,objc,obj-c++,java,fortran,ada --enable-java-awt=gtk --disable-dssi --enable-plugin --with-java-home=/usr/lib/jvm/java-1.4.2-gcj-1.4.2.0/jre --with-cpu=generic --host=i386-redhat-linux]
  ignore line: [线程模型：posix]
  ignore line: [gcc 版本 4.1.2 20080704 (Red Hat 4.1.2-46)]
  link line: [ /usr/libexec/gcc/i386-redhat-linux/4.1.2/collect2 --eh-frame-hdr -m elf_i386 --hash-style=gnu -export-dynamic -dynamic-linker /lib/ld-linux.so.2 -o cmTryCompileExec3114397472 /usr/lib/gcc/i386-redhat-linux/4.1.2/../../../crt1.o /usr/lib/gcc/i386-redhat-linux/4.1.2/../../../crti.o /usr/lib/gcc/i386-redhat-linux/4.1.2/crtbegin.o -L/usr/lib/gcc/i386-redhat-linux/4.1.2 -L/usr/lib/gcc/i386-redhat-linux/4.1.2 -L/usr/lib/gcc/i386-redhat-linux/4.1.2/../../.. CMakeFiles/cmTryCompileExec3114397472.dir/CMakeCXXCompilerABI.cpp.o -lstdc++ -lm -lgcc_s -lgcc -lc -lgcc_s -lgcc /usr/lib/gcc/i386-redhat-linux/4.1.2/crtend.o /usr/lib/gcc/i386-redhat-linux/4.1.2/../../../crtn.o]
    arg [/usr/libexec/gcc/i386-redhat-linux/4.1.2/collect2] ==> ignore
    arg [--eh-frame-hdr] ==> ignore
    arg [-m] ==> ignore
    arg [elf_i386] ==> ignore
    arg [--hash-style=gnu] ==> ignore
    arg [-export-dynamic] ==> ignore
    arg [-dynamic-linker] ==> ignore
    arg [/lib/ld-linux.so.2] ==> ignore
    arg [-o] ==> ignore
    arg [cmTryCompileExec3114397472] ==> ignore
    arg [/usr/lib/gcc/i386-redhat-linux/4.1.2/../../../crt1.o] ==> ignore
    arg [/usr/lib/gcc/i386-redhat-linux/4.1.2/../../../crti.o] ==> ignore
    arg [/usr/lib/gcc/i386-redhat-linux/4.1.2/crtbegin.o] ==> ignore
    arg [-L/usr/lib/gcc/i386-redhat-linux/4.1.2] ==> dir [/usr/lib/gcc/i386-redhat-linux/4.1.2]
    arg [-L/usr/lib/gcc/i386-redhat-linux/4.1.2] ==> dir [/usr/lib/gcc/i386-redhat-linux/4.1.2]
    arg [-L/usr/lib/gcc/i386-redhat-linux/4.1.2/../../..] ==> dir [/usr/lib/gcc/i386-redhat-linux/4.1.2/../../..]
    arg [CMakeFiles/cmTryCompileExec3114397472.dir/CMakeCXXCompilerABI.cpp.o] ==> ignore
    arg [-lstdc++] ==> lib [stdc++]
    arg [-lm] ==> lib [m]
    arg [-lgcc_s] ==> lib [gcc_s]
    arg [-lgcc] ==> lib [gcc]
    arg [-lc] ==> lib [c]
    arg [-lgcc_s] ==> lib [gcc_s]
    arg [-lgcc] ==> lib [gcc]
    arg [/usr/lib/gcc/i386-redhat-linux/4.1.2/crtend.o] ==> ignore
    arg [/usr/lib/gcc/i386-redhat-linux/4.1.2/../../../crtn.o] ==> ignore
  remove lib [gcc_s]
  remove lib [gcc]
  remove lib [gcc_s]
  remove lib [gcc]
  collapse dir [/usr/lib/gcc/i386-redhat-linux/4.1.2] ==> [/usr/lib/gcc/i386-redhat-linux/4.1.2]
  collapse dir [/usr/lib/gcc/i386-redhat-linux/4.1.2] ==> [/usr/lib/gcc/i386-redhat-linux/4.1.2]
  collapse dir [/usr/lib/gcc/i386-redhat-linux/4.1.2/../../..] ==> [/usr/lib]
  implicit libs: [stdc++;m;c]
  implicit dirs: [/usr/lib/gcc/i386-redhat-linux/4.1.2;/usr/lib]


Determining if the C compiler works passed with the following output:
Change Dir: /home/wuxiang/workFold/libconhash/build/CMakeFiles/CMakeTmp

Run Build Command:/usr/bin/gmake "cmTryCompileExec3577857202/fast"
/usr/bin/gmake -f CMakeFiles/cmTryCompileExec3577857202.dir/build.make CMakeFiles/cmTryCompileExec3577857202.dir/build
gmake[1]: Entering directory `/home/wuxiang/workFold/libconhash/build/CMakeFiles/CMakeTmp'
/usr/local/bin/cmake -E cmake_progress_report /home/wuxiang/workFold/libconhash/build/CMakeFiles/CMakeTmp/CMakeFiles 1
Building C object CMakeFiles/cmTryCompileExec3577857202.dir/testCCompiler.c.o
/usr/bin/gcc    -o CMakeFiles/cmTryCompileExec3577857202.dir/testCCompiler.c.o   -c /home/wuxiang/workFold/libconhash/build/CMakeFiles/CMakeTmp/testCCompiler.c
Linking C executable cmTryCompileExec3577857202
/usr/local/bin/cmake -E cmake_link_script CMakeFiles/cmTryCompileExec3577857202.dir/link.txt --verbose=1
/usr/bin/gcc         CMakeFiles/cmTryCompileExec3577857202.dir/testCCompiler.c.o  -o cmTryCompileExec3577857202 -rdynamic 
gmake[1]: Leaving directory `/home/wuxiang/workFold/libconhash/build/CMakeFiles/CMakeTmp'


Detecting C compiler ABI info compiled with the following output:
Change Dir: /home/wuxiang/workFold/libconhash/build/CMakeFiles/CMakeTmp

Run Build Command:/usr/bin/gmake "cmTryCompileExec1807646709/fast"
/usr/bin/gmake -f CMakeFiles/cmTryCompileExec1807646709.dir/build.make CMakeFiles/cmTryCompileExec1807646709.dir/build
gmake[1]: Entering directory `/home/wuxiang/workFold/libconhash/build/CMakeFiles/CMakeTmp'
/usr/local/bin/cmake -E cmake_progress_report /home/wuxiang/workFold/libconhash/build/CMakeFiles/CMakeTmp/CMakeFiles 1
Building C object CMakeFiles/cmTryCompileExec1807646709.dir/CMakeCCompilerABI.c.o
/usr/bin/gcc    -o CMakeFiles/cmTryCompileExec1807646709.dir/CMakeCCompilerABI.c.o   -c /usr/local/share/cmake-2.8/Modules/CMakeCCompilerABI.c
Linking C executable cmTryCompileExec1807646709
/usr/local/bin/cmake -E cmake_link_script CMakeFiles/cmTryCompileExec1807646709.dir/link.txt --verbose=1
/usr/bin/gcc       -v CMakeFiles/cmTryCompileExec1807646709.dir/CMakeCCompilerABI.c.o  -o cmTryCompileExec1807646709 -rdynamic  
使用内建 specs。
目标：i386-redhat-linux
配置为：../configure --prefix=/usr --mandir=/usr/share/man --infodir=/usr/share/info --enable-shared --enable-threads=posix --enable-checking=release --with-system-zlib --enable-__cxa_atexit --disable-libunwind-exceptions --enable-libgcj-multifile --enable-languages=c,c++,objc,obj-c++,java,fortran,ada --enable-java-awt=gtk --disable-dssi --enable-plugin --with-java-home=/usr/lib/jvm/java-1.4.2-gcj-1.4.2.0/jre --with-cpu=generic --host=i386-redhat-linux
线程模型：posix
gcc 版本 4.1.2 20080704 (Red Hat 4.1.2-46)
 /usr/libexec/gcc/i386-redhat-linux/4.1.2/collect2 --eh-frame-hdr -m elf_i386 --hash-style=gnu -export-dynamic -dynamic-linker /lib/ld-linux.so.2 -o cmTryCompileExec1807646709 /usr/lib/gcc/i386-redhat-linux/4.1.2/../../../crt1.o /usr/lib/gcc/i386-redhat-linux/4.1.2/../../../crti.o /usr/lib/gcc/i386-redhat-linux/4.1.2/crtbegin.o -L/usr/lib/gcc/i386-redhat-linux/4.1.2 -L/usr/lib/gcc/i386-redhat-linux/4.1.2 -L/usr/lib/gcc/i386-redhat-linux/4.1.2/../../.. CMakeFiles/cmTryCompileExec1807646709.dir/CMakeCCompilerABI.c.o -lgcc --as-needed -lgcc_s --no-as-needed -lc -lgcc --as-needed -lgcc_s --no-as-needed /usr/lib/gcc/i386-redhat-linux/4.1.2/crtend.o /usr/lib/gcc/i386-redhat-linux/4.1.2/../../../crtn.o
gmake[1]: Leaving directory `/home/wuxiang/workFold/libconhash/build/CMakeFiles/CMakeTmp'


Parsed C implicit link information from above output:
  link line regex: [^( *|.*[/\])(ld|ld|collect2)[^/\]*( |$)]
  ignore line: [Change Dir: /home/wuxiang/workFold/libconhash/build/CMakeFiles/CMakeTmp]
  ignore line: []
  ignore line: [Run Build Command:/usr/bin/gmake "cmTryCompileExec1807646709/fast"]
  ignore line: [/usr/bin/gmake -f CMakeFiles/cmTryCompileExec1807646709.dir/build.make CMakeFiles/cmTryCompileExec1807646709.dir/build]
  ignore line: [gmake[1]: Entering directory `/home/wuxiang/workFold/libconhash/build/CMakeFiles/CMakeTmp']
  ignore line: [/usr/local/bin/cmake -E cmake_progress_report /home/wuxiang/workFold/libconhash/build/CMakeFiles/CMakeTmp/CMakeFiles 1]
  ignore line: [Building C object CMakeFiles/cmTryCompileExec1807646709.dir/CMakeCCompilerABI.c.o]
  ignore line: [/usr/bin/gcc    -o CMakeFiles/cmTryCompileExec1807646709.dir/CMakeCCompilerABI.c.o   -c /usr/local/share/cmake-2.8/Modules/CMakeCCompilerABI.c]
  ignore line: [Linking C executable cmTryCompileExec1807646709]
  ignore line: [/usr/local/bin/cmake -E cmake_link_script CMakeFiles/cmTryCompileExec1807646709.dir/link.txt --verbose=1]
  ignore line: [/usr/bin/gcc       -v CMakeFiles/cmTryCompileExec1807646709.dir/CMakeCCompilerABI.c.o  -o cmTryCompileExec1807646709 -rdynamic  ]
  ignore line: [使用内建 specs。]
  ignore line: [目标：i386-redhat-linux]
  ignore line: [配置为：../configure --prefix=/usr --mandir=/usr/share/man --infodir=/usr/share/info --enable-shared --enable-threads=posix --enable-checking=release --with-system-zlib --enable-__cxa_atexit --disable-libunwind-exceptions --enable-libgcj-multifile --enable-languages=c,c++,objc,obj-c++,java,fortran,ada --enable-java-awt=gtk --disable-dssi --enable-plugin --with-java-home=/usr/lib/jvm/java-1.4.2-gcj-1.4.2.0/jre --with-cpu=generic --host=i386-redhat-linux]
  ignore line: [线程模型：posix]
  ignore line: [gcc 版本 4.1.2 20080704 (Red Hat 4.1.2-46)]
  link line: [ /usr/libexec/gcc/i386-redhat-linux/4.1.2/collect2 --eh-frame-hdr -m elf_i386 --hash-style=gnu -export-dynamic -dynamic-linker /lib/ld-linux.so.2 -o cmTryCompileExec1807646709 /usr/lib/gcc/i386-redhat-linux/4.1.2/../../../crt1.o /usr/lib/gcc/i386-redhat-linux/4.1.2/../../../crti.o /usr/lib/gcc/i386-redhat-linux/4.1.2/crtbegin.o -L/usr/lib/gcc/i386-redhat-linux/4.1.2 -L/usr/lib/gcc/i386-redhat-linux/4.1.2 -L/usr/lib/gcc/i386-redhat-linux/4.1.2/../../.. CMakeFiles/cmTryCompileExec1807646709.dir/CMakeCCompilerABI.c.o -lgcc --as-needed -lgcc_s --no-as-needed -lc -lgcc --as-needed -lgcc_s --no-as-needed /usr/lib/gcc/i386-redhat-linux/4.1.2/crtend.o /usr/lib/gcc/i386-redhat-linux/4.1.2/../../../crtn.o]
    arg [/usr/libexec/gcc/i386-redhat-linux/4.1.2/collect2] ==> ignore
    arg [--eh-frame-hdr] ==> ignore
    arg [-m] ==> ignore
    arg [elf_i386] ==> ignore
    arg [--hash-style=gnu] ==> ignore
    arg [-export-dynamic] ==> ignore
    arg [-dynamic-linker] ==> ignore
    arg [/lib/ld-linux.so.2] ==> ignore
    arg [-o] ==> ignore
    arg [cmTryCompileExec1807646709] ==> ignore
    arg [/usr/lib/gcc/i386-redhat-linux/4.1.2/../../../crt1.o] ==> ignore
    arg [/usr/lib/gcc/i386-redhat-linux/4.1.2/../../../crti.o] ==> ignore
    arg [/usr/lib/gcc/i386-redhat-linux/4.1.2/crtbegin.o] ==> ignore
    arg [-L/usr/lib/gcc/i386-redhat-linux/4.1.2] ==> dir [/usr/lib/gcc/i386-redhat-linux/4.1.2]
    arg [-L/usr/lib/gcc/i386-redhat-linux/4.1.2] ==> dir [/usr/lib/gcc/i386-redhat-linux/4.1.2]
    arg [-L/usr/lib/gcc/i386-redhat-linux/4.1.2/../../..] ==> dir [/usr/lib/gcc/i386-redhat-linux/4.1.2/../../..]
    arg [CMakeFiles/cmTryCompileExec1807646709.dir/CMakeCCompilerABI.c.o] ==> ignore
    arg [-lgcc] ==> lib [gcc]
    arg [--as-needed] ==> ignore
    arg [-lgcc_s] ==> lib [gcc_s]
    arg [--no-as-needed] ==> ignore
    arg [-lc] ==> lib [c]
    arg [-lgcc] ==> lib [gcc]
    arg [--as-needed] ==> ignore
    arg [-lgcc_s] ==> lib [gcc_s]
    arg [--no-as-needed] ==> ignore
    arg [/usr/lib/gcc/i386-redhat-linux/4.1.2/crtend.o] ==> ignore
    arg [/usr/lib/gcc/i386-redhat-linux/4.1.2/../../../crtn.o] ==> ignore
  remove lib [gcc]
  remove lib [gcc_s]
  remove lib [gcc]
  remove lib [gcc_s]
  collapse dir [/usr/lib/gcc/i386-redhat-linux/4.1.2] ==> [/usr/lib/gcc/i386-redhat-linux/4.1.2]
  collapse dir [/usr/lib/gcc/i386-redhat-linux/4.1.2] ==> [/usr/lib/gcc/i386-redhat-linux/4.1.2]
  collapse dir [/usr/lib/gcc/i386-redhat-linux/4.1.2/../../..] ==> [/usr/lib]
  implicit libs: [c]
  implicit dirs: [/usr/lib/gcc/i386-redhat-linux/4.1.2;/usr/lib]


